2016/07/15 11:57:10 INFO  - jmeter.util.JMeterUtils: Setting Locale to en_US 
2016/07/15 11:57:10 INFO  - jmeter.JMeter: Loading user properties from: /home/internship/my_git_projectAntonia/apache-jmeter-3.0/bin/user.properties 
2016/07/15 11:57:10 INFO  - jmeter.JMeter: Loading system properties from: /home/internship/my_git_projectAntonia/apache-jmeter-3.0/bin/system.properties 
2016/07/15 11:57:10 INFO  - jmeter.JMeter: Copyright (c) 1998-2016 The Apache Software Foundation 
2016/07/15 11:57:10 INFO  - jmeter.JMeter: Version 3.0 r1743807 
2016/07/15 11:57:10 INFO  - jmeter.JMeter: java.version=1.7.0_101 
2016/07/15 11:57:10 INFO  - jmeter.JMeter: java.vm.name=OpenJDK 64-Bit Server VM 
2016/07/15 11:57:10 INFO  - jmeter.JMeter: os.name=Linux 
2016/07/15 11:57:10 INFO  - jmeter.JMeter: os.arch=amd64 
2016/07/15 11:57:10 INFO  - jmeter.JMeter: os.version=4.2.0-16-generic 
2016/07/15 11:57:10 INFO  - jmeter.JMeter: file.encoding=UTF-8 
2016/07/15 11:57:10 INFO  - jmeter.JMeter: Max memory     =515375104 
2016/07/15 11:57:10 INFO  - jmeter.JMeter: Available Processors =8 
2016/07/15 11:57:10 INFO  - jmeter.JMeter: Default Locale=English (United States) 
2016/07/15 11:57:10 INFO  - jmeter.JMeter: JMeter  Locale=English (United States) 
2016/07/15 11:57:10 INFO  - jmeter.JMeter: JMeterHome=/home/internship/my_git_projectAntonia/apache-jmeter-3.0 
2016/07/15 11:57:10 INFO  - jmeter.JMeter: user.dir  =/home/internship/my_git_projectAntonia/apache-jmeter-3.0/bin 
2016/07/15 11:57:10 INFO  - jmeter.JMeter: PWD       =/home/internship/my_git_projectAntonia/apache-jmeter-3.0/bin 
2016/07/15 11:57:11 INFO  - jmeter.JMeter: IP: 127.0.1.1 Name: internship-K95VJ FullName: internship-K95VJ 
2016/07/15 11:57:11 INFO  - jmeter.gui.action.LookAndFeelCommand: Using look and feel: javax.swing.plaf.metal.MetalLookAndFeel [Metal, CrossPlatform] 
2016/07/15 11:57:11 INFO  - jmeter.JMeter: Loaded icon properties from org/apache/jmeter/images/icon.properties 
2016/07/15 11:57:12 INFO  - jmeter.engine.util.CompoundVariable: Note: Function class names must contain the string: '.functions.' 
2016/07/15 11:57:12 INFO  - jmeter.engine.util.CompoundVariable: Note: Function class names must not contain the string: '.gui.' 
2016/07/15 11:57:13 INFO  - jmeter.util.BSFTestElement: Registering JMeter version of JavaScript engine as work-round for BSF-22 
2016/07/15 11:57:14 INFO  - jmeter.protocol.http.sampler.HTTPSamplerBase: Parser for text/html is org.apache.jmeter.protocol.http.parser.LagartoBasedHtmlParser 
2016/07/15 11:57:14 INFO  - jmeter.protocol.http.sampler.HTTPSamplerBase: Parser for application/xhtml+xml is org.apache.jmeter.protocol.http.parser.LagartoBasedHtmlParser 
2016/07/15 11:57:14 INFO  - jmeter.protocol.http.sampler.HTTPSamplerBase: Parser for application/xml is org.apache.jmeter.protocol.http.parser.LagartoBasedHtmlParser 
2016/07/15 11:57:14 INFO  - jmeter.protocol.http.sampler.HTTPSamplerBase: Parser for text/xml is org.apache.jmeter.protocol.http.parser.LagartoBasedHtmlParser 
2016/07/15 11:57:14 INFO  - jmeter.protocol.http.sampler.HTTPSamplerBase: Parser for text/vnd.wap.wml is org.apache.jmeter.protocol.http.parser.RegexpHTMLParser 
2016/07/15 11:57:14 INFO  - jmeter.protocol.http.sampler.HTTPSamplerBase: Parser for text/css is org.apache.jmeter.protocol.http.parser.CssParser 
2016/07/15 11:57:14 INFO  - jorphan.exec.KeyToolUtils: keytool found at 'keytool' 
2016/07/15 11:57:14 INFO  - jmeter.protocol.http.proxy.ProxyControl: HTTP(S) Test Script Recorder SSL Proxy will use keys that support embedded 3rd party resources in file /home/internship/my_git_projectAntonia/apache-jmeter-3.0/bin/proxyserver.jks 
2016/07/15 11:57:15 INFO  - jmeter.gui.util.MenuFactory: Skipping org.apache.jmeter.protocol.mongodb.config.MongoSourceElement 
2016/07/15 11:57:15 INFO  - jmeter.gui.util.MenuFactory: Skipping org.apache.jmeter.protocol.mongodb.sampler.MongoScriptSampler 
2016/07/15 11:57:15 INFO  - jmeter.gui.util.MenuFactory: Skipping org.apache.jmeter.visualizers.DistributionGraphVisualizer 
2016/07/15 11:57:15 INFO  - jmeter.samplers.SampleResult: Note: Sample TimeStamps are START times 
2016/07/15 11:57:15 INFO  - jmeter.samplers.SampleResult: sampleresult.default.encoding is set to ISO-8859-1 
2016/07/15 11:57:15 INFO  - jmeter.samplers.SampleResult: sampleresult.useNanoTime=true 
2016/07/15 11:57:15 INFO  - jmeter.samplers.SampleResult: sampleresult.nanoThreadSleep=5000 
2016/07/15 11:57:15 INFO  - jmeter.gui.util.MenuFactory: Skipping org.apache.jmeter.visualizers.SplineVisualizer 
2016/07/15 12:08:38 INFO  - jmeter.protocol.http.control.CookieManager: Settings: Delete null: true Check: true Allow variable: true Save: false Prefix: COOKIE_ 
2016/07/15 12:15:25 INFO  - jmeter.protocol.http.control.CacheManager: Will only cache the following methods: [GET] 
2016/07/15 12:26:49 INFO  - jmeter.protocol.http.proxy.ProxyControl: Creating Proxy CA in /home/internship/my_git_projectAntonia/apache-jmeter-3.0/bin/proxyserver.jks 
2016/07/15 12:26:53 INFO  - jmeter.protocol.http.proxy.ProxyControl: Created keystore in /home/internship/my_git_projectAntonia/apache-jmeter-3.0/bin/proxyserver.jks 
2016/07/15 12:26:53 INFO  - jmeter.protocol.http.proxy.ProxyControl: Creating entry localhost in /home/internship/my_git_projectAntonia/apache-jmeter-3.0/bin/proxyserver.jks 
2016/07/15 12:26:54 INFO  - jmeter.protocol.http.proxy.Daemon: Creating Daemon Socket on port: 8080 
2016/07/15 12:26:54 INFO  - jmeter.protocol.http.proxy.Daemon: Test Script Recorder up and running! 
2016/07/15 12:28:56 INFO  - jmeter.protocol.http.proxy.Proxy: Proxy will remove the headers: If-Modified-Since,If-None-Match,Host 
2016/07/15 12:28:56 INFO  - jmeter.protocol.http.sampler.HTTPHCAbstractImpl: Local host = internship-K95VJ 
2016/07/15 12:28:56 INFO  - jmeter.protocol.http.sampler.HTTPHC4Impl: HTTP request retry count = 0 
2016/07/15 12:28:56 INFO  - jmeter.samplers.SampleEvent: List of sample_variables: [] 
2016/07/15 12:29:10 INFO  - jmeter.protocol.http.proxy.ProxyControl: [56370] Creating entry s-usc1c-nss-117.firebaseio.com in /home/internship/my_git_projectAntonia/apache-jmeter-3.0/bin/proxyserver.jks 
2016/07/15 12:29:11 INFO  - jmeter.protocol.http.proxy.Proxy: [56370] KeyStore for SSL loaded OK and put host 's-usc1c-nss-117.firebaseio.com' in map with key (s-usc1c-nss-117.firebaseio.com) 
2016/07/15 12:29:12 WARN  - jmeter.protocol.http.proxy.Proxy: [56370] Problem with SSL certificate for 's-usc1c-nss-117.firebaseio.com'? Ensure browser is set to accept the JMeter proxy cert: Received fatal alert: unknown_ca 
2016/07/15 12:42:17 INFO  - jmeter.protocol.http.proxy.Daemon: HTTP(S) Test Script Recorder stopped 
2016/07/15 12:42:18 INFO  - jmeter.protocol.http.proxy.ProxyControl: Valid alias found for :root_ca: 
2016/07/15 12:42:18 INFO  - jmeter.protocol.http.proxy.ProxyControl: Valid alias found for :intermediate_ca: 
2016/07/15 12:42:18 INFO  - jmeter.protocol.http.proxy.Daemon: Creating Daemon Socket on port: 8080 
2016/07/15 12:42:18 INFO  - jmeter.protocol.http.proxy.Daemon: Test Script Recorder up and running! 
2016/07/15 12:45:12 INFO  - jmeter.protocol.http.proxy.Daemon: HTTP(S) Test Script Recorder stopped 
2016/07/15 12:45:22 INFO  - jmeter.protocol.http.proxy.ProxyControl: Valid alias found for :root_ca: 
2016/07/15 12:45:22 INFO  - jmeter.protocol.http.proxy.ProxyControl: Valid alias found for :intermediate_ca: 
2016/07/15 12:45:22 INFO  - jmeter.protocol.http.proxy.Daemon: Creating Daemon Socket on port: 8080 
2016/07/15 12:45:22 INFO  - jmeter.protocol.http.proxy.Daemon: Test Script Recorder up and running! 
2016/07/15 12:47:02 WARN  - jmeter.protocol.http.proxy.HttpRequestHdr: Url 'http://www.bing.com/fd/ls/l?IG=D41635287CE549A69F5AC1DF3CFD7BD7&Type=Event.CPT&DATA={%22pp%22:{%22S%22:%22L%22,%22FC%22:-1,%22BC%22:-1,%22H%22:40,%22BP%22:121,%22CT%22:128,%22IL%22:1},%22ad%22:[-1,-1,1855,953,1855,953,4]}&P=SERP&DA=DB5' contains unsafe characters, will escape it, message:Illegal character in query at index 84: http://www.bing.com/fd/ls/l?IG=D41635287CE549A69F5AC1DF3CFD7BD7&Type=Event.CPT&DATA={%22pp%22:{%22S%22:%22L%22,%22FC%22:-1,%22BC%22:-1,%22H%22:40,%22BP%22:121,%22CT%22:128,%22IL%22:1},%22ad%22:[-1,-1,1855,953,1855,953,4]}&P=SERP&DA=DB5 
2016/07/15 12:47:02 WARN  - jmeter.protocol.http.proxy.HttpRequestHdr: Url 'http://www.bing.com/fd/ls/l?IG=D41635287CE549A69F5AC1DF3CFD7BD7&Type=Event.PPT&DATA={%22S%22:22,%22E%22:502,%22T%22:0,%22I%22:0,%22N%22:{%22H%22:{%22S%22:340,%22E%22:493,%22T%22:3}},%22M%22:{}}&P=SERP&DA=DB5' contains unsafe characters, will escape it, message:Illegal character in query at index 84: http://www.bing.com/fd/ls/l?IG=D41635287CE549A69F5AC1DF3CFD7BD7&Type=Event.PPT&DATA={%22S%22:22,%22E%22:502,%22T%22:0,%22I%22:0,%22N%22:{%22H%22:{%22S%22:340,%22E%22:493,%22T%22:3}},%22M%22:{}}&P=SERP&DA=DB5 
2016/07/15 12:47:17 WARN  - jmeter.protocol.http.proxy.HttpRequestHdr: Url 'http://www.bing.com/fd/ls/l?IG=5C514C8FADAB404EA26BD9D50DDC96E0&Type=Event.CPT&DATA={%22pp%22:{%22S%22:%22L%22,%22FC%22:25,%22BC%22:25,%22H%22:178,%22BP%22:227,%22CT%22:255,%22IL%22:2},%22ad%22:[-1,-1,1842,953,1842,1378,1]}&P=SERP&DA=BN1' contains unsafe characters, will escape it, message:Illegal character in query at index 84: http://www.bing.com/fd/ls/l?IG=5C514C8FADAB404EA26BD9D50DDC96E0&Type=Event.CPT&DATA={%22pp%22:{%22S%22:%22L%22,%22FC%22:25,%22BC%22:25,%22H%22:178,%22BP%22:227,%22CT%22:255,%22IL%22:2},%22ad%22:[-1,-1,1842,953,1842,1378,1]}&P=SERP&DA=BN1 
2016/07/15 12:47:23 WARN  - jmeter.protocol.http.proxy.HttpRequestHdr: Url 'http://report.footprintdns.com/trans.gif?&MonitorID=AZR&rid=5C514C8FADAB404EA26BD9D50DDC96E0&w3c=true&prot=http:&v=4&DATA=[{%22MonitorID%22:%22CLO%22,%22RequestID%22:%2258e4dc900986731c730b2add443ff254%22,%22Result%22:514},{%22MonitorID%22:%22CLO%22,%22RequestID%22:%22cf585160fd4adb1d661632446d50b0fb%22,%22Result%22:1361},{%22MonitorID%22:%22CLO%22,%22RequestID%22:%22aff3136b3b85f3b8a2f44d10dd25a600%22,%22Result%22:201}]' contains unsafe characters, will escape it, message:Illegal character in query at index 123: http://report.footprintdns.com/trans.gif?&MonitorID=AZR&rid=5C514C8FADAB404EA26BD9D50DDC96E0&w3c=true&prot=http:&v=4&DATA=[{%22MonitorID%22:%22CLO%22,%22RequestID%22:%2258e4dc900986731c730b2add443ff254%22,%22Result%22:514},{%22MonitorID%22:%22CLO%22,%22RequestID%22:%22cf585160fd4adb1d661632446d50b0fb%22,%22Result%22:1361},{%22MonitorID%22:%22CLO%22,%22RequestID%22:%22aff3136b3b85f3b8a2f44d10dd25a600%22,%22Result%22:201}] 
2016/07/15 12:48:08 WARN  - jmeter.protocol.http.proxy.HttpRequestHdr: Url 'http://www.bing.com/fd/ls/l?IG=5C514C8FADAB404EA26BD9D50DDC96E0&Type=Event.CPT&DATA={%22pp%22:{%22S%22:%22L%22,%22FC%22:25,%22BC%22:26,%22H%22:47,%22BP%22:58,%22CT%22:74,%22IL%22:2},%22ad%22:[-1,-1,1842,914,1842,1378,2]}&P=SERP&DA=BN1' contains unsafe characters, will escape it, message:Illegal character in query at index 84: http://www.bing.com/fd/ls/l?IG=5C514C8FADAB404EA26BD9D50DDC96E0&Type=Event.CPT&DATA={%22pp%22:{%22S%22:%22L%22,%22FC%22:25,%22BC%22:26,%22H%22:47,%22BP%22:58,%22CT%22:74,%22IL%22:2},%22ad%22:[-1,-1,1842,914,1842,1378,2]}&P=SERP&DA=BN1 
2016/07/15 12:48:14 WARN  - jmeter.protocol.http.proxy.HttpRequestHdr: Url 'http://report.footprintdns.com/trans.gif?&MonitorID=AZR&rid=5C514C8FADAB404EA26BD9D50DDC96E0&w3c=true&prot=http:&v=4&DATA=[{%22MonitorID%22:%22CLO%22,%22RequestID%22:%22f0e2ec3bf05b68ee5fe998b30baaba86%22,%22Result%22:518},{%22MonitorID%22:%22CLO%22,%22RequestID%22:%220460181ec3ab582f470fce78d9642a7c%22,%22Result%22:1305},{%22MonitorID%22:%22CLO%22,%22RequestID%22:%22e8bce155c20d2557fc01ffa811f8d281%22,%22Result%22:750}]' contains unsafe characters, will escape it, message:Illegal character in query at index 123: http://report.footprintdns.com/trans.gif?&MonitorID=AZR&rid=5C514C8FADAB404EA26BD9D50DDC96E0&w3c=true&prot=http:&v=4&DATA=[{%22MonitorID%22:%22CLO%22,%22RequestID%22:%22f0e2ec3bf05b68ee5fe998b30baaba86%22,%22Result%22:518},{%22MonitorID%22:%22CLO%22,%22RequestID%22:%220460181ec3ab582f470fce78d9642a7c%22,%22Result%22:1305},{%22MonitorID%22:%22CLO%22,%22RequestID%22:%22e8bce155c20d2557fc01ffa811f8d281%22,%22Result%22:750}] 
2016/07/15 12:48:35 WARN  - jmeter.protocol.http.proxy.HttpRequestHdr: Url 'http://www.bing.com/fd/ls/l?IG=5C514C8FADAB404EA26BD9D50DDC96E0&Type=Event.CPT&DATA={%22pp%22:{%22S%22:%22L%22,%22FC%22:27,%22BC%22:27,%22H%22:45,%22BP%22:70,%22CT%22:91,%22IL%22:2},%22ad%22:[-1,-1,1842,914,1842,1378,2]}&P=SERP&DA=BN1' contains unsafe characters, will escape it, message:Illegal character in query at index 84: http://www.bing.com/fd/ls/l?IG=5C514C8FADAB404EA26BD9D50DDC96E0&Type=Event.CPT&DATA={%22pp%22:{%22S%22:%22L%22,%22FC%22:27,%22BC%22:27,%22H%22:45,%22BP%22:70,%22CT%22:91,%22IL%22:2},%22ad%22:[-1,-1,1842,914,1842,1378,2]}&P=SERP&DA=BN1 
2016/07/15 12:50:00 WARN  - jmeter.gui.tree.JMeterTreeNode: Can't get icon for class http://next-episode.net/userlogin java.lang.ClassNotFoundException: 
	at java.lang.Class.forName0(Native Method)
	at java.lang.Class.forName(Class.java:195)
	at org.apache.jmeter.gui.tree.JMeterTreeNode.getIcon(JMeterTreeNode.java:137)
	at org.apache.jmeter.gui.tree.JMeterCellRenderer.getTreeCellRendererComponent(JMeterCellRenderer.java:48)
	at javax.swing.JTree$AccessibleJTree$AccessibleJTreeNode.getCurrentComponent(JTree.java:4611)
	at javax.swing.JTree$AccessibleJTree$AccessibleJTreeNode.getCurrentAccessibleContext(JTree.java:4588)
	at javax.swing.JTree$AccessibleJTree$AccessibleJTreeNode.addPropertyChangeListener(JTree.java:4868)
	at org.GNOME.Accessibility.AtkWrapper.registerPropertyChangeListener(AtkWrapper.java:625)

2016/07/15 12:50:26 INFO  - jmeter.services.FileServer: Default base='/home/internship/my_git_projectAntonia/apache-jmeter-3.0/bin' 
2016/07/15 12:50:26 INFO  - jmeter.services.FileServer: Set new base='/home/internship/my_git_projectAntonia/apache-jmeter-3.0/bin' 
2016/07/15 12:50:26 INFO  - jmeter.save.SaveService: Testplan (JMX) version: 2.2. Testlog (JTL) version: 2.2 
2016/07/15 12:50:26 INFO  - jmeter.save.SaveService: Using SaveService properties file encoding UTF-8 
2016/07/15 12:50:26 INFO  - jmeter.save.SaveService: Using SaveService properties version 2.9 
2016/07/15 12:50:26 INFO  - jmeter.save.SaveService: All converter versions present and correct 
2016/07/15 12:50:26 INFO  - jmeter.engine.StandardJMeterEngine: Running the test! 
2016/07/15 12:50:26 INFO  - jmeter.samplers.SampleEvent: List of sample_variables: [] 
2016/07/15 12:50:26 INFO  - jmeter.gui.util.JMeterMenuBar: setRunning(true,*local*) 
2016/07/15 12:50:27 INFO  - jmeter.engine.StandardJMeterEngine: Starting ThreadGroup: 1 : BTSC 
2016/07/15 12:50:27 INFO  - jmeter.engine.StandardJMeterEngine: Starting 10 threads for group BTSC. 
2016/07/15 12:50:27 INFO  - jmeter.engine.StandardJMeterEngine: Thread will continue on error 
2016/07/15 12:50:27 INFO  - jmeter.threads.ThreadGroup: Starting thread group number 1 threads 10 ramp-up 5 perThread 500.0 delayedStart=false 
2016/07/15 12:50:27 INFO  - jmeter.threads.JMeterThread: Thread started: BTSC 1-1 
2016/07/15 12:50:27 INFO  - jmeter.threads.ThreadGroup: Started thread group number 1 
2016/07/15 12:50:27 INFO  - jmeter.engine.StandardJMeterEngine: Starting ThreadGroup: 2 : next-episode 
2016/07/15 12:50:27 INFO  - jmeter.engine.StandardJMeterEngine: Starting 10 threads for group next-episode. 
2016/07/15 12:50:27 INFO  - jmeter.engine.StandardJMeterEngine: Thread will continue on error 
2016/07/15 12:50:27 INFO  - jmeter.threads.ThreadGroup: Starting thread group number 2 threads 10 ramp-up 5 perThread 500.0 delayedStart=false 
2016/07/15 12:50:27 INFO  - jmeter.threads.JMeterThread: Thread started: next-episode 2-1 
2016/07/15 12:50:27 INFO  - jmeter.threads.ThreadGroup: Started thread group number 2 
2016/07/15 12:50:27 INFO  - jmeter.engine.StandardJMeterEngine: All thread groups have been started 
2016/07/15 12:50:27 INFO  - jmeter.protocol.http.sampler.LazySchemeSocketFactory: Setting up HTTPS TrustAll Socket Factory 
2016/07/15 12:50:27 INFO  - jmeter.util.JsseSSLManager: Using default SSL protocol: TLS 
2016/07/15 12:50:27 INFO  - jmeter.util.JsseSSLManager: SSL session context: per-thread 
2016/07/15 12:50:27 INFO  - jmeter.util.SSLManager: JmeterKeyStore Location:  type JKS 
2016/07/15 12:50:27 INFO  - jmeter.util.SSLManager: KeyStore created OK 
2016/07/15 12:50:27 WARN  - jmeter.util.SSLManager: Keystore file not found, loading empty keystore 
2016/07/15 12:50:28 INFO  - jmeter.threads.JMeterThread: Thread started: BTSC 1-2 
2016/07/15 12:50:28 INFO  - jmeter.threads.JMeterThread: Thread started: next-episode 2-2 
2016/07/15 12:50:28 INFO  - jmeter.threads.JMeterThread: Thread started: BTSC 1-3 
2016/07/15 12:50:28 INFO  - jmeter.threads.JMeterThread: Thread started: next-episode 2-3 
2016/07/15 12:50:29 INFO  - jmeter.threads.JMeterThread: Thread is done: BTSC 1-1 
2016/07/15 12:50:29 INFO  - jmeter.threads.JMeterThread: Thread finished: BTSC 1-1 
2016/07/15 12:50:29 INFO  - jmeter.threads.JMeterThread: Thread started: BTSC 1-4 
2016/07/15 12:50:29 INFO  - jmeter.threads.JMeterThread: Thread started: next-episode 2-4 
2016/07/15 12:50:29 INFO  - jmeter.threads.JMeterThread: Thread started: BTSC 1-5 
2016/07/15 12:50:29 INFO  - jmeter.threads.JMeterThread: Thread started: next-episode 2-5 
2016/07/15 12:50:30 INFO  - jmeter.threads.JMeterThread: Thread started: BTSC 1-6 
2016/07/15 12:50:30 INFO  - jmeter.threads.JMeterThread: Thread started: next-episode 2-6 
2016/07/15 12:50:30 INFO  - jmeter.threads.JMeterThread: Thread started: BTSC 1-7 
2016/07/15 12:50:30 INFO  - jmeter.threads.JMeterThread: Thread started: next-episode 2-7 
2016/07/15 12:50:31 INFO  - jmeter.threads.JMeterThread: Thread started: BTSC 1-8 
2016/07/15 12:50:31 INFO  - jmeter.threads.JMeterThread: Thread started: next-episode 2-8 
2016/07/15 12:50:31 INFO  - jmeter.threads.JMeterThread: Thread started: BTSC 1-9 
2016/07/15 12:50:31 INFO  - jmeter.threads.JMeterThread: Thread started: next-episode 2-9 
2016/07/15 12:50:32 INFO  - jmeter.threads.JMeterThread: Thread started: BTSC 1-10 
2016/07/15 12:50:32 INFO  - jmeter.threads.JMeterThread: Thread started: next-episode 2-10 
2016/07/15 12:50:33 INFO  - jmeter.threads.JMeterThread: Thread is done: BTSC 1-9 
2016/07/15 12:50:33 INFO  - jmeter.threads.JMeterThread: Thread finished: BTSC 1-9 
2016/07/15 12:50:33 INFO  - jmeter.threads.JMeterThread: Thread is done: BTSC 1-2 
2016/07/15 12:50:33 INFO  - jmeter.threads.JMeterThread: Thread finished: BTSC 1-2 
2016/07/15 12:50:33 INFO  - jmeter.threads.JMeterThread: Thread is done: BTSC 1-3 
2016/07/15 12:50:33 INFO  - jmeter.threads.JMeterThread: Thread finished: BTSC 1-3 
2016/07/15 12:50:33 INFO  - jmeter.threads.JMeterThread: Thread is done: BTSC 1-7 
2016/07/15 12:50:33 INFO  - jmeter.threads.JMeterThread: Thread finished: BTSC 1-7 
2016/07/15 12:50:33 INFO  - jmeter.threads.JMeterThread: Thread is done: BTSC 1-10 
2016/07/15 12:50:33 INFO  - jmeter.threads.JMeterThread: Thread finished: BTSC 1-10 
2016/07/15 12:50:34 INFO  - jmeter.threads.JMeterThread: Thread is done: BTSC 1-8 
2016/07/15 12:50:34 INFO  - jmeter.threads.JMeterThread: Thread finished: BTSC 1-8 
2016/07/15 12:50:34 INFO  - jmeter.threads.JMeterThread: Thread is done: BTSC 1-4 
2016/07/15 12:50:34 INFO  - jmeter.threads.JMeterThread: Thread finished: BTSC 1-4 
2016/07/15 12:50:34 INFO  - jmeter.threads.JMeterThread: Thread is done: BTSC 1-5 
2016/07/15 12:50:34 INFO  - jmeter.threads.JMeterThread: Thread finished: BTSC 1-5 
2016/07/15 12:50:35 INFO  - jmeter.threads.JMeterThread: Thread is done: BTSC 1-6 
2016/07/15 12:50:35 INFO  - jmeter.threads.JMeterThread: Thread finished: BTSC 1-6 
2016/07/15 12:50:36 INFO  - jmeter.threads.JMeterThread: Thread is done: next-episode 2-1 
2016/07/15 12:50:36 INFO  - jmeter.threads.JMeterThread: Thread finished: next-episode 2-1 
2016/07/15 12:50:37 INFO  - jmeter.threads.JMeterThread: Thread is done: next-episode 2-2 
2016/07/15 12:50:37 INFO  - jmeter.threads.JMeterThread: Thread finished: next-episode 2-2 
2016/07/15 12:50:38 INFO  - jmeter.threads.JMeterThread: Thread is done: next-episode 2-3 
2016/07/15 12:50:38 INFO  - jmeter.threads.JMeterThread: Thread finished: next-episode 2-3 
2016/07/15 12:50:38 INFO  - jmeter.threads.JMeterThread: Thread is done: next-episode 2-9 
2016/07/15 12:50:38 INFO  - jmeter.threads.JMeterThread: Thread finished: next-episode 2-9 
2016/07/15 12:50:39 INFO  - jmeter.threads.JMeterThread: Thread is done: next-episode 2-8 
2016/07/15 12:50:39 INFO  - jmeter.threads.JMeterThread: Thread finished: next-episode 2-8 
2016/07/15 12:50:39 INFO  - jmeter.threads.JMeterThread: Thread is done: next-episode 2-10 
2016/07/15 12:50:39 INFO  - jmeter.threads.JMeterThread: Thread finished: next-episode 2-10 
2016/07/15 12:50:39 INFO  - jmeter.threads.JMeterThread: Thread is done: next-episode 2-7 
2016/07/15 12:50:39 INFO  - jmeter.threads.JMeterThread: Thread finished: next-episode 2-7 
2016/07/15 12:50:39 INFO  - jmeter.threads.JMeterThread: Thread is done: next-episode 2-5 
2016/07/15 12:50:39 INFO  - jmeter.threads.JMeterThread: Thread finished: next-episode 2-5 
2016/07/15 12:50:40 INFO  - jmeter.threads.JMeterThread: Thread is done: next-episode 2-4 
2016/07/15 12:50:40 INFO  - jmeter.threads.JMeterThread: Thread finished: next-episode 2-4 
2016/07/15 12:50:40 INFO  - jmeter.threads.JMeterThread: Thread is done: next-episode 2-6 
2016/07/15 12:50:40 INFO  - jmeter.threads.JMeterThread: Thread finished: next-episode 2-6 
2016/07/15 12:50:40 INFO  - jmeter.engine.StandardJMeterEngine: Notifying test listeners of end of test 
2016/07/15 12:50:40 INFO  - jmeter.gui.util.JMeterMenuBar: setRunning(false,*local*) 
2016/07/15 12:51:38 INFO  - jmeter.engine.StandardJMeterEngine: Running the test! 
2016/07/15 12:51:38 INFO  - jmeter.samplers.SampleEvent: List of sample_variables: [] 
2016/07/15 12:51:38 INFO  - jmeter.gui.util.JMeterMenuBar: setRunning(true,*local*) 
2016/07/15 12:51:38 INFO  - jmeter.engine.StandardJMeterEngine: Starting ThreadGroup: 1 : BTSC 
2016/07/15 12:51:38 INFO  - jmeter.engine.StandardJMeterEngine: Starting 10 threads for group BTSC. 
2016/07/15 12:51:38 INFO  - jmeter.engine.StandardJMeterEngine: Thread will continue on error 
2016/07/15 12:51:38 INFO  - jmeter.threads.ThreadGroup: Starting thread group number 1 threads 10 ramp-up 5 perThread 500.0 delayedStart=false 
2016/07/15 12:51:39 INFO  - jmeter.threads.JMeterThread: Thread started: BTSC 1-1 
2016/07/15 12:51:39 INFO  - jmeter.threads.ThreadGroup: Started thread group number 1 
2016/07/15 12:51:39 INFO  - jmeter.engine.StandardJMeterEngine: Starting ThreadGroup: 2 : next-episode 
2016/07/15 12:51:39 INFO  - jmeter.engine.StandardJMeterEngine: Starting 10 threads for group next-episode. 
2016/07/15 12:51:39 INFO  - jmeter.engine.StandardJMeterEngine: Thread will continue on error 
2016/07/15 12:51:39 INFO  - jmeter.threads.ThreadGroup: Starting thread group number 2 threads 10 ramp-up 5 perThread 500.0 delayedStart=false 
2016/07/15 12:51:39 INFO  - jmeter.threads.JMeterThread: Thread started: next-episode 2-1 
2016/07/15 12:51:39 INFO  - jmeter.threads.ThreadGroup: Started thread group number 2 
2016/07/15 12:51:39 INFO  - jmeter.engine.StandardJMeterEngine: All thread groups have been started 
2016/07/15 12:51:39 INFO  - jmeter.threads.JMeterThread: Thread started: BTSC 1-2 
2016/07/15 12:51:39 INFO  - jmeter.threads.JMeterThread: Thread started: next-episode 2-2 
2016/07/15 12:51:40 INFO  - jmeter.threads.JMeterThread: Thread started: BTSC 1-3 
2016/07/15 12:51:40 INFO  - jmeter.threads.JMeterThread: Thread started: next-episode 2-3 
2016/07/15 12:51:40 INFO  - jmeter.threads.JMeterThread: Thread is done: BTSC 1-1 
2016/07/15 12:51:40 INFO  - jmeter.threads.JMeterThread: Thread finished: BTSC 1-1 
2016/07/15 12:51:40 INFO  - jmeter.threads.JMeterThread: Thread started: BTSC 1-4 
2016/07/15 12:51:40 INFO  - jmeter.threads.JMeterThread: Thread started: next-episode 2-4 
2016/07/15 12:51:40 INFO  - jmeter.threads.JMeterThread: Thread is done: next-episode 2-1 
2016/07/15 12:51:40 INFO  - jmeter.threads.JMeterThread: Thread finished: next-episode 2-1 
2016/07/15 12:51:40 INFO  - jmeter.threads.JMeterThread: Thread is done: BTSC 1-2 
2016/07/15 12:51:40 INFO  - jmeter.threads.JMeterThread: Thread finished: BTSC 1-2 
2016/07/15 12:51:41 INFO  - jmeter.threads.JMeterThread: Thread started: BTSC 1-5 
2016/07/15 12:51:41 INFO  - jmeter.threads.JMeterThread: Thread started: next-episode 2-5 
2016/07/15 12:51:41 INFO  - jmeter.threads.JMeterThread: Thread is done: next-episode 2-2 
2016/07/15 12:51:41 INFO  - jmeter.threads.JMeterThread: Thread finished: next-episode 2-2 
2016/07/15 12:51:41 INFO  - jmeter.threads.JMeterThread: Thread is done: BTSC 1-3 
2016/07/15 12:51:41 INFO  - jmeter.threads.JMeterThread: Thread finished: BTSC 1-3 
2016/07/15 12:51:41 INFO  - jmeter.threads.JMeterThread: Thread started: BTSC 1-6 
2016/07/15 12:51:41 INFO  - jmeter.threads.JMeterThread: Thread started: next-episode 2-6 
2016/07/15 12:51:41 INFO  - jmeter.threads.JMeterThread: Thread is done: next-episode 2-3 
2016/07/15 12:51:41 INFO  - jmeter.threads.JMeterThread: Thread finished: next-episode 2-3 
2016/07/15 12:51:41 INFO  - jmeter.threads.JMeterThread: Thread is done: BTSC 1-4 
2016/07/15 12:51:41 INFO  - jmeter.threads.JMeterThread: Thread finished: BTSC 1-4 
2016/07/15 12:51:42 INFO  - jmeter.threads.JMeterThread: Thread started: BTSC 1-7 
2016/07/15 12:51:42 INFO  - jmeter.threads.JMeterThread: Thread started: next-episode 2-7 
2016/07/15 12:51:42 INFO  - jmeter.threads.JMeterThread: Thread is done: next-episode 2-4 
2016/07/15 12:51:42 INFO  - jmeter.threads.JMeterThread: Thread finished: next-episode 2-4 
2016/07/15 12:51:42 INFO  - jmeter.threads.JMeterThread: Thread is done: BTSC 1-5 
2016/07/15 12:51:42 INFO  - jmeter.threads.JMeterThread: Thread finished: BTSC 1-5 
2016/07/15 12:51:42 INFO  - jmeter.threads.JMeterThread: Thread started: BTSC 1-8 
2016/07/15 12:51:42 INFO  - jmeter.threads.JMeterThread: Thread started: next-episode 2-8 
2016/07/15 12:51:42 INFO  - jmeter.threads.JMeterThread: Thread is done: next-episode 2-5 
2016/07/15 12:51:42 INFO  - jmeter.threads.JMeterThread: Thread finished: next-episode 2-5 
2016/07/15 12:51:42 INFO  - jmeter.threads.JMeterThread: Thread is done: BTSC 1-6 
2016/07/15 12:51:42 INFO  - jmeter.threads.JMeterThread: Thread finished: BTSC 1-6 
2016/07/15 12:51:43 INFO  - jmeter.threads.JMeterThread: Thread started: BTSC 1-9 
2016/07/15 12:51:43 INFO  - jmeter.threads.JMeterThread: Thread started: next-episode 2-9 
2016/07/15 12:51:43 INFO  - jmeter.threads.JMeterThread: Thread is done: next-episode 2-6 
2016/07/15 12:51:43 INFO  - jmeter.threads.JMeterThread: Thread finished: next-episode 2-6 
2016/07/15 12:51:43 INFO  - jmeter.threads.JMeterThread: Thread is done: BTSC 1-7 
2016/07/15 12:51:43 INFO  - jmeter.threads.JMeterThread: Thread finished: BTSC 1-7 
2016/07/15 12:51:43 INFO  - jmeter.threads.JMeterThread: Thread started: BTSC 1-10 
2016/07/15 12:51:43 INFO  - jmeter.threads.JMeterThread: Thread started: next-episode 2-10 
2016/07/15 12:51:43 INFO  - jmeter.threads.JMeterThread: Thread is done: next-episode 2-7 
2016/07/15 12:51:43 INFO  - jmeter.threads.JMeterThread: Thread finished: next-episode 2-7 
2016/07/15 12:51:43 INFO  - jmeter.threads.JMeterThread: Thread is done: BTSC 1-8 
2016/07/15 12:51:43 INFO  - jmeter.threads.JMeterThread: Thread finished: BTSC 1-8 
2016/07/15 12:51:44 INFO  - jmeter.threads.JMeterThread: Thread is done: next-episode 2-8 
2016/07/15 12:51:44 INFO  - jmeter.threads.JMeterThread: Thread finished: next-episode 2-8 
2016/07/15 12:51:44 INFO  - jmeter.threads.JMeterThread: Thread is done: BTSC 1-9 
2016/07/15 12:51:44 INFO  - jmeter.threads.JMeterThread: Thread finished: BTSC 1-9 
2016/07/15 12:51:44 INFO  - jmeter.threads.JMeterThread: Thread is done: next-episode 2-9 
2016/07/15 12:51:44 INFO  - jmeter.threads.JMeterThread: Thread finished: next-episode 2-9 
2016/07/15 12:51:44 INFO  - jmeter.threads.JMeterThread: Thread is done: BTSC 1-10 
2016/07/15 12:51:44 INFO  - jmeter.threads.JMeterThread: Thread finished: BTSC 1-10 
2016/07/15 12:51:45 INFO  - jmeter.threads.JMeterThread: Thread is done: next-episode 2-10 
2016/07/15 12:51:45 INFO  - jmeter.threads.JMeterThread: Thread finished: next-episode 2-10 
2016/07/15 12:51:45 INFO  - jmeter.engine.StandardJMeterEngine: Notifying test listeners of end of test 
2016/07/15 12:51:45 INFO  - jmeter.gui.util.JMeterMenuBar: setRunning(false,*local*) 
2016/07/15 12:54:00 WARN  - jmeter.gui.tree.JMeterTreeNode: Can't get icon for class http://next-episode.net/ java.lang.ClassNotFoundException: 
	at java.lang.Class.forName0(Native Method)
	at java.lang.Class.forName(Class.java:195)
	at org.apache.jmeter.gui.tree.JMeterTreeNode.getIcon(JMeterTreeNode.java:137)
	at org.apache.jmeter.gui.tree.JMeterCellRenderer.getTreeCellRendererComponent(JMeterCellRenderer.java:48)
	at javax.swing.JTree$AccessibleJTree$AccessibleJTreeNode.getCurrentComponent(JTree.java:4611)
	at javax.swing.JTree$AccessibleJTree$AccessibleJTreeNode.getCurrentAccessibleContext(JTree.java:4588)
	at javax.swing.JTree$AccessibleJTree$AccessibleJTreeNode.getAccessibleSelection(JTree.java:4923)
	at org.GNOME.Accessibility.AtkSelection.<init>(AtkSelection.java:32)

2016/07/15 12:54:17 INFO  - jmeter.engine.StandardJMeterEngine: Running the test! 
2016/07/15 12:54:17 INFO  - jmeter.samplers.SampleEvent: List of sample_variables: [] 
2016/07/15 12:54:17 INFO  - jmeter.gui.util.JMeterMenuBar: setRunning(true,*local*) 
2016/07/15 12:54:18 INFO  - jmeter.engine.StandardJMeterEngine: Starting ThreadGroup: 1 : next-episode 
2016/07/15 12:54:18 INFO  - jmeter.engine.StandardJMeterEngine: Starting 10 threads for group next-episode. 
2016/07/15 12:54:18 INFO  - jmeter.engine.StandardJMeterEngine: Thread will continue on error 
2016/07/15 12:54:18 INFO  - jmeter.threads.ThreadGroup: Starting thread group number 1 threads 10 ramp-up 5 perThread 500.0 delayedStart=false 
2016/07/15 12:54:18 INFO  - jmeter.threads.JMeterThread: Thread started: next-episode 1-1 
2016/07/15 12:54:18 INFO  - jmeter.threads.ThreadGroup: Started thread group number 1 
2016/07/15 12:54:18 INFO  - jmeter.engine.StandardJMeterEngine: All thread groups have been started 
2016/07/15 12:54:18 INFO  - jmeter.threads.JMeterThread: Thread started: next-episode 1-2 
2016/07/15 12:54:19 INFO  - jmeter.threads.JMeterThread: Thread started: next-episode 1-3 
2016/07/15 12:54:19 INFO  - jmeter.threads.JMeterThread: Thread started: next-episode 1-4 
2016/07/15 12:54:19 INFO  - jmeter.threads.JMeterThread: Thread is done: next-episode 1-1 
2016/07/15 12:54:19 INFO  - jmeter.threads.JMeterThread: Thread finished: next-episode 1-1 
2016/07/15 12:54:20 INFO  - jmeter.threads.JMeterThread: Thread started: next-episode 1-5 
2016/07/15 12:54:20 INFO  - jmeter.threads.JMeterThread: Thread is done: next-episode 1-2 
2016/07/15 12:54:20 INFO  - jmeter.threads.JMeterThread: Thread finished: next-episode 1-2 
2016/07/15 12:54:20 INFO  - jmeter.threads.JMeterThread: Thread started: next-episode 1-6 
2016/07/15 12:54:21 INFO  - jmeter.threads.JMeterThread: Thread is done: next-episode 1-3 
2016/07/15 12:54:21 INFO  - jmeter.threads.JMeterThread: Thread finished: next-episode 1-3 
2016/07/15 12:54:21 INFO  - jmeter.threads.JMeterThread: Thread started: next-episode 1-7 
2016/07/15 12:54:21 INFO  - jmeter.threads.JMeterThread: Thread is done: next-episode 1-4 
2016/07/15 12:54:21 INFO  - jmeter.threads.JMeterThread: Thread finished: next-episode 1-4 
2016/07/15 12:54:21 INFO  - jmeter.threads.JMeterThread: Thread started: next-episode 1-8 
2016/07/15 12:54:22 INFO  - jmeter.threads.JMeterThread: Thread is done: next-episode 1-5 
2016/07/15 12:54:22 INFO  - jmeter.threads.JMeterThread: Thread finished: next-episode 1-5 
2016/07/15 12:54:22 INFO  - jmeter.threads.JMeterThread: Thread started: next-episode 1-9 
2016/07/15 12:54:22 INFO  - jmeter.threads.JMeterThread: Thread started: next-episode 1-10 
2016/07/15 12:54:22 INFO  - jmeter.threads.JMeterThread: Thread is done: next-episode 1-6 
2016/07/15 12:54:22 INFO  - jmeter.threads.JMeterThread: Thread finished: next-episode 1-6 
2016/07/15 12:54:23 INFO  - jmeter.threads.JMeterThread: Thread is done: next-episode 1-7 
2016/07/15 12:54:23 INFO  - jmeter.threads.JMeterThread: Thread finished: next-episode 1-7 
2016/07/15 12:54:24 INFO  - jmeter.threads.JMeterThread: Thread is done: next-episode 1-8 
2016/07/15 12:54:24 INFO  - jmeter.threads.JMeterThread: Thread finished: next-episode 1-8 
2016/07/15 12:54:24 INFO  - jmeter.threads.JMeterThread: Thread is done: next-episode 1-9 
2016/07/15 12:54:24 INFO  - jmeter.threads.JMeterThread: Thread finished: next-episode 1-9 
2016/07/15 12:54:24 INFO  - jmeter.threads.JMeterThread: Thread is done: next-episode 1-10 
2016/07/15 12:54:24 INFO  - jmeter.threads.JMeterThread: Thread finished: next-episode 1-10 
2016/07/15 12:54:24 INFO  - jmeter.engine.StandardJMeterEngine: Notifying test listeners of end of test 
2016/07/15 12:54:24 INFO  - jmeter.gui.util.JMeterMenuBar: setRunning(false,*local*) 
2016/07/15 12:57:31 WARN  - jmeter.gui.tree.JMeterTreeNode: Can't get icon for class http://next-episode.net/ java.lang.ClassNotFoundException: 
	at java.lang.Class.forName0(Native Method)
	at java.lang.Class.forName(Class.java:195)
	at org.apache.jmeter.gui.tree.JMeterTreeNode.getIcon(JMeterTreeNode.java:137)
	at org.apache.jmeter.gui.tree.JMeterCellRenderer.getTreeCellRendererComponent(JMeterCellRenderer.java:48)
	at javax.swing.JTree$AccessibleJTree$AccessibleJTreeNode.getCurrentComponent(JTree.java:4611)
	at javax.swing.JTree$AccessibleJTree$AccessibleJTreeNode.getCurrentAccessibleContext(JTree.java:4588)
	at javax.swing.JTree$AccessibleJTree$AccessibleJTreeNode.getAccessibleValue(JTree.java:4955)

2016/07/15 12:57:35 WARN  - jmeter.gui.tree.JMeterTreeNode: Can't get icon for class http://next-episode.net/ java.lang.ClassNotFoundException: 
	at java.lang.Class.forName0(Native Method)
	at java.lang.Class.forName(Class.java:195)
	at org.apache.jmeter.gui.tree.JMeterTreeNode.getIcon(JMeterTreeNode.java:137)
	at org.apache.jmeter.gui.tree.JMeterCellRenderer.getTreeCellRendererComponent(JMeterCellRenderer.java:48)
	at javax.swing.JTree$AccessibleJTree$AccessibleJTreeNode.getCurrentComponent(JTree.java:4611)
	at javax.swing.JTree$AccessibleJTree$AccessibleJTreeNode.getCurrentAccessibleContext(JTree.java:4588)
	at javax.swing.JTree$AccessibleJTree$AccessibleJTreeNode.getAccessibleSelection(JTree.java:4923)
	at org.GNOME.Accessibility.AtkSelection.<init>(AtkSelection.java:32)

2016/07/15 12:57:53 WARN  - jmeter.gui.tree.JMeterTreeNode: Can't get icon for class http://next-episode.net/ java.lang.ClassNotFoundException: 
	at java.lang.Class.forName0(Native Method)
	at java.lang.Class.forName(Class.java:195)
	at org.apache.jmeter.gui.tree.JMeterTreeNode.getIcon(JMeterTreeNode.java:137)
	at org.apache.jmeter.gui.tree.JMeterCellRenderer.getTreeCellRendererComponent(JMeterCellRenderer.java:48)
	at javax.swing.JTree$AccessibleJTree$AccessibleJTreeNode.getCurrentComponent(JTree.java:4611)
	at javax.swing.JTree$AccessibleJTree$AccessibleJTreeNode.getCurrentAccessibleContext(JTree.java:4588)
	at javax.swing.JTree$AccessibleJTree$AccessibleJTreeNode.getAccessibleValue(JTree.java:4955)

2016/07/15 12:57:58 WARN  - jmeter.gui.tree.JMeterTreeNode: Can't get icon for class http://next-episode.net/ java.lang.ClassNotFoundException: 
	at java.lang.Class.forName0(Native Method)
	at java.lang.Class.forName(Class.java:195)
	at org.apache.jmeter.gui.tree.JMeterTreeNode.getIcon(JMeterTreeNode.java:137)
	at org.apache.jmeter.gui.tree.JMeterCellRenderer.getTreeCellRendererComponent(JMeterCellRenderer.java:48)
	at javax.swing.JTree$AccessibleJTree$AccessibleJTreeNode.getCurrentComponent(JTree.java:4611)
	at javax.swing.JTree$AccessibleJTree$AccessibleJTreeNode.getCurrentAccessibleContext(JTree.java:4588)
	at javax.swing.JTree$AccessibleJTree$AccessibleJTreeNode.getAccessibleSelection(JTree.java:4923)
	at org.GNOME.Accessibility.AtkSelection.<init>(AtkSelection.java:32)

2016/07/15 12:58:08 INFO  - jmeter.engine.StandardJMeterEngine: Running the test! 
2016/07/15 12:58:08 INFO  - jmeter.samplers.SampleEvent: List of sample_variables: [] 
2016/07/15 12:58:08 INFO  - jmeter.gui.util.JMeterMenuBar: setRunning(true,*local*) 
2016/07/15 12:58:08 INFO  - jmeter.engine.StandardJMeterEngine: Starting ThreadGroup: 1 : next-episode 
2016/07/15 12:58:08 INFO  - jmeter.engine.StandardJMeterEngine: Starting 10 threads for group next-episode. 
2016/07/15 12:58:08 INFO  - jmeter.engine.StandardJMeterEngine: Thread will continue on error 
2016/07/15 12:58:08 INFO  - jmeter.threads.ThreadGroup: Starting thread group number 1 threads 10 ramp-up 5 perThread 500.0 delayedStart=false 
2016/07/15 12:58:08 INFO  - jmeter.threads.JMeterThread: Thread started: next-episode 1-1 
2016/07/15 12:58:08 INFO  - jmeter.threads.ThreadGroup: Started thread group number 1 
2016/07/15 12:58:08 INFO  - jmeter.engine.StandardJMeterEngine: All thread groups have been started 
2016/07/15 12:58:09 INFO  - jmeter.threads.JMeterThread: Thread started: next-episode 1-2 
2016/07/15 12:58:09 INFO  - jmeter.threads.JMeterThread: Thread started: next-episode 1-3 
2016/07/15 12:58:10 INFO  - jmeter.threads.JMeterThread: Thread started: next-episode 1-4 
2016/07/15 12:58:10 INFO  - jmeter.threads.JMeterThread: Thread started: next-episode 1-5 
2016/07/15 12:58:10 INFO  - jmeter.threads.JMeterThread: Thread is done: next-episode 1-1 
2016/07/15 12:58:10 INFO  - jmeter.threads.JMeterThread: Thread finished: next-episode 1-1 
2016/07/15 12:58:11 INFO  - jmeter.threads.JMeterThread: Thread is done: next-episode 1-2 
2016/07/15 12:58:11 INFO  - jmeter.threads.JMeterThread: Thread finished: next-episode 1-2 
2016/07/15 12:58:11 INFO  - jmeter.threads.JMeterThread: Thread started: next-episode 1-6 
2016/07/15 12:58:11 INFO  - jmeter.threads.JMeterThread: Thread started: next-episode 1-7 
2016/07/15 12:58:11 INFO  - jmeter.threads.JMeterThread: Thread is done: next-episode 1-3 
2016/07/15 12:58:11 INFO  - jmeter.threads.JMeterThread: Thread finished: next-episode 1-3 
2016/07/15 12:58:12 INFO  - jmeter.threads.JMeterThread: Thread is done: next-episode 1-4 
2016/07/15 12:58:12 INFO  - jmeter.threads.JMeterThread: Thread finished: next-episode 1-4 
2016/07/15 12:58:12 INFO  - jmeter.threads.JMeterThread: Thread started: next-episode 1-8 
2016/07/15 12:58:12 INFO  - jmeter.threads.JMeterThread: Thread is done: next-episode 1-5 
2016/07/15 12:58:12 INFO  - jmeter.threads.JMeterThread: Thread finished: next-episode 1-5 
2016/07/15 12:58:12 INFO  - jmeter.threads.JMeterThread: Thread started: next-episode 1-9 
2016/07/15 12:58:13 INFO  - jmeter.threads.JMeterThread: Thread is done: next-episode 1-6 
2016/07/15 12:58:13 INFO  - jmeter.threads.JMeterThread: Thread finished: next-episode 1-6 
2016/07/15 12:58:13 INFO  - jmeter.threads.JMeterThread: Thread started: next-episode 1-10 
2016/07/15 12:58:13 INFO  - jmeter.threads.JMeterThread: Thread is done: next-episode 1-7 
2016/07/15 12:58:13 INFO  - jmeter.threads.JMeterThread: Thread finished: next-episode 1-7 
2016/07/15 12:58:14 INFO  - jmeter.threads.JMeterThread: Thread is done: next-episode 1-8 
2016/07/15 12:58:14 INFO  - jmeter.threads.JMeterThread: Thread finished: next-episode 1-8 
2016/07/15 12:58:14 INFO  - jmeter.threads.JMeterThread: Thread is done: next-episode 1-9 
2016/07/15 12:58:14 INFO  - jmeter.threads.JMeterThread: Thread finished: next-episode 1-9 
2016/07/15 12:58:15 INFO  - jmeter.threads.JMeterThread: Thread is done: next-episode 1-10 
2016/07/15 12:58:15 INFO  - jmeter.threads.JMeterThread: Thread finished: next-episode 1-10 
2016/07/15 12:58:15 INFO  - jmeter.engine.StandardJMeterEngine: Notifying test listeners of end of test 
2016/07/15 12:58:15 INFO  - jmeter.gui.util.JMeterMenuBar: setRunning(false,*local*) 
2016/07/15 12:58:28 WARN  - jmeter.gui.tree.JMeterTreeNode: Can't get icon for class http://next-episode.net/js/record.php?u=302238535? java.lang.ClassNotFoundException: 
	at java.lang.Class.forName0(Native Method)
	at java.lang.Class.forName(Class.java:195)
	at org.apache.jmeter.gui.tree.JMeterTreeNode.getIcon(JMeterTreeNode.java:137)
	at org.apache.jmeter.gui.tree.JMeterCellRenderer.getTreeCellRendererComponent(JMeterCellRenderer.java:48)
	at javax.swing.JTree$AccessibleJTree$AccessibleJTreeNode.getCurrentComponent(JTree.java:4611)
	at javax.swing.JTree$AccessibleJTree$AccessibleJTreeNode.getCurrentAccessibleContext(JTree.java:4588)
	at javax.swing.JTree$AccessibleJTree$AccessibleJTreeNode.getAccessibleValue(JTree.java:4955)

2016/07/15 12:58:33 WARN  - jmeter.gui.tree.JMeterTreeNode: Can't get icon for class http://next-episode.net/ff/auth.php?user_id=302238535&k=a1c81582e16f376cf08208aabb59891c&t=0 java.lang.ClassNotFoundException: 
	at java.lang.Class.forName0(Native Method)
	at java.lang.Class.forName(Class.java:195)
	at org.apache.jmeter.gui.tree.JMeterTreeNode.getIcon(JMeterTreeNode.java:137)
	at org.apache.jmeter.gui.tree.JMeterCellRenderer.getTreeCellRendererComponent(JMeterCellRenderer.java:48)
	at javax.swing.JTree$AccessibleJTree$AccessibleJTreeNode.getCurrentComponent(JTree.java:4611)
	at javax.swing.JTree$AccessibleJTree$AccessibleJTreeNode.getCurrentAccessibleContext(JTree.java:4588)
	at javax.swing.JTree$AccessibleJTree$AccessibleJTreeNode.addPropertyChangeListener(JTree.java:4868)
	at org.GNOME.Accessibility.AtkWrapper.registerPropertyChangeListener(AtkWrapper.java:625)

2016/07/15 12:58:40 WARN  - jmeter.gui.tree.JMeterTreeNode: Can't get icon for class http:/ java.lang.ClassNotFoundException: 
	at java.lang.Class.forName0(Native Method)
	at java.lang.Class.forName(Class.java:195)
	at org.apache.jmeter.gui.tree.JMeterTreeNode.getIcon(JMeterTreeNode.java:137)
	at org.apache.jmeter.gui.tree.JMeterCellRenderer.getTreeCellRendererComponent(JMeterCellRenderer.java:48)
	at javax.swing.JTree$AccessibleJTree$AccessibleJTreeNode.getCurrentComponent(JTree.java:4611)
	at javax.swing.JTree$AccessibleJTree$AccessibleJTreeNode.getCurrentAccessibleContext(JTree.java:4588)
	at javax.swing.JTree$AccessibleJTree$AccessibleJTreeNode.getAccessibleSelection(JTree.java:4923)
	at org.GNOME.Accessibility.AtkSelection.<init>(AtkSelection.java:32)

2016/07/15 12:58:43 WARN  - jmeter.gui.tree.JMeterTreeNode: Can't get icon for class http://next-episode.net/ java.lang.ClassNotFoundException: 
	at java.lang.Class.forName0(Native Method)
	at java.lang.Class.forName(Class.java:195)
	at org.apache.jmeter.gui.tree.JMeterTreeNode.getIcon(JMeterTreeNode.java:137)
	at org.apache.jmeter.gui.tree.JMeterCellRenderer.getTreeCellRendererComponent(JMeterCellRenderer.java:48)
	at javax.swing.JTree$AccessibleJTree$AccessibleJTreeNode.getCurrentComponent(JTree.java:4611)
	at javax.swing.JTree$AccessibleJTree$AccessibleJTreeNode.getCurrentAccessibleContext(JTree.java:4588)
	at javax.swing.JTree$AccessibleJTree$AccessibleJTreeNode.getAccessibleValue(JTree.java:4955)

2016/07/15 12:59:03 WARN  - jmeter.gui.tree.JMeterTreeNode: Can't get icon for class http://next-episode.net/PAGES/misc/signup.php?username=${__RandomString(6,abcdefg)}&pass1=123456&pass2=123456&email=${__RandomString(6,abcdefg)}@yahoo.com&tz=2&reason=join_now_sign_in_form java.lang.ClassNotFoundException: 
	at java.lang.Class.forName0(Native Method)
	at java.lang.Class.forName(Class.java:195)
	at org.apache.jmeter.gui.tree.JMeterTreeNode.getIcon(JMeterTreeNode.java:137)
	at org.apache.jmeter.gui.tree.JMeterCellRenderer.getTreeCellRendererComponent(JMeterCellRenderer.java:48)
	at javax.swing.JTree$AccessibleJTree$AccessibleJTreeNode.getCurrentComponent(JTree.java:4611)
	at javax.swing.JTree$AccessibleJTree$AccessibleJTreeNode.getCurrentAccessibleContext(JTree.java:4588)
	at javax.swing.JTree$AccessibleJTree$AccessibleJTreeNode.getAccessibleValue(JTree.java:4955)

2016/07/15 12:59:17 INFO  - jmeter.engine.StandardJMeterEngine: Running the test! 
2016/07/15 12:59:17 INFO  - jmeter.samplers.SampleEvent: List of sample_variables: [] 
2016/07/15 12:59:17 INFO  - jmeter.gui.util.JMeterMenuBar: setRunning(true,*local*) 
2016/07/15 12:59:17 INFO  - jmeter.engine.StandardJMeterEngine: Starting ThreadGroup: 1 : next-episode 
2016/07/15 12:59:17 INFO  - jmeter.engine.StandardJMeterEngine: Starting 10 threads for group next-episode. 
2016/07/15 12:59:17 INFO  - jmeter.engine.StandardJMeterEngine: Thread will continue on error 
2016/07/15 12:59:17 INFO  - jmeter.threads.ThreadGroup: Starting thread group number 1 threads 10 ramp-up 5 perThread 500.0 delayedStart=false 
2016/07/15 12:59:17 INFO  - jmeter.threads.JMeterThread: Thread started: next-episode 1-1 
2016/07/15 12:59:17 INFO  - jmeter.threads.ThreadGroup: Started thread group number 1 
2016/07/15 12:59:17 INFO  - jmeter.engine.StandardJMeterEngine: All thread groups have been started 
2016/07/15 12:59:18 INFO  - jmeter.threads.JMeterThread: Thread started: next-episode 1-2 
2016/07/15 12:59:18 INFO  - jmeter.threads.JMeterThread: Thread started: next-episode 1-3 
2016/07/15 12:59:19 INFO  - jmeter.threads.JMeterThread: Thread started: next-episode 1-4 
2016/07/15 12:59:19 INFO  - jmeter.threads.JMeterThread: Thread started: next-episode 1-5 
2016/07/15 12:59:20 INFO  - jmeter.threads.JMeterThread: Thread started: next-episode 1-6 
2016/07/15 12:59:20 INFO  - jmeter.threads.JMeterThread: Thread started: next-episode 1-7 
2016/07/15 12:59:20 INFO  - jmeter.threads.JMeterThread: Thread is done: next-episode 1-1 
2016/07/15 12:59:20 INFO  - jmeter.threads.JMeterThread: Thread finished: next-episode 1-1 
2016/07/15 12:59:21 INFO  - jmeter.threads.JMeterThread: Thread started: next-episode 1-8 
2016/07/15 12:59:21 INFO  - jmeter.threads.JMeterThread: Thread is done: next-episode 1-2 
2016/07/15 12:59:21 INFO  - jmeter.threads.JMeterThread: Thread finished: next-episode 1-2 
2016/07/15 12:59:21 INFO  - jmeter.threads.JMeterThread: Thread started: next-episode 1-9 
2016/07/15 12:59:22 INFO  - jmeter.threads.JMeterThread: Thread started: next-episode 1-10 
2016/07/15 12:59:22 INFO  - jmeter.threads.JMeterThread: Thread is done: next-episode 1-4 
2016/07/15 12:59:22 INFO  - jmeter.threads.JMeterThread: Thread finished: next-episode 1-4 
2016/07/15 12:59:22 INFO  - jmeter.threads.JMeterThread: Thread is done: next-episode 1-3 
2016/07/15 12:59:22 INFO  - jmeter.threads.JMeterThread: Thread finished: next-episode 1-3 
2016/07/15 12:59:22 INFO  - jmeter.threads.JMeterThread: Thread is done: next-episode 1-5 
2016/07/15 12:59:22 INFO  - jmeter.threads.JMeterThread: Thread finished: next-episode 1-5 
2016/07/15 12:59:23 INFO  - jmeter.threads.JMeterThread: Thread is done: next-episode 1-6 
2016/07/15 12:59:23 INFO  - jmeter.threads.JMeterThread: Thread finished: next-episode 1-6 
2016/07/15 12:59:24 INFO  - jmeter.threads.JMeterThread: Thread is done: next-episode 1-7 
2016/07/15 12:59:24 INFO  - jmeter.threads.JMeterThread: Thread finished: next-episode 1-7 
2016/07/15 12:59:24 INFO  - jmeter.threads.JMeterThread: Thread is done: next-episode 1-8 
2016/07/15 12:59:24 INFO  - jmeter.threads.JMeterThread: Thread finished: next-episode 1-8 
2016/07/15 12:59:24 INFO  - jmeter.threads.JMeterThread: Thread is done: next-episode 1-9 
2016/07/15 12:59:24 INFO  - jmeter.threads.JMeterThread: Thread finished: next-episode 1-9 
2016/07/15 12:59:25 INFO  - jmeter.threads.JMeterThread: Thread is done: next-episode 1-10 
2016/07/15 12:59:25 INFO  - jmeter.threads.JMeterThread: Thread finished: next-episode 1-10 
2016/07/15 12:59:25 INFO  - jmeter.engine.StandardJMeterEngine: Notifying test listeners of end of test 
2016/07/15 12:59:25 INFO  - jmeter.gui.util.JMeterMenuBar: setRunning(false,*local*) 
2016/07/15 13:09:30 WARN  - jmeter.gui.tree.JMeterTreeNode: Can't get icon for class org.apache.jmeter.protocol.http.control.HeaderManager@45698bb1 java.lang.ClassNotFoundException: 
	at java.lang.Class.forName0(Native Method)
	at java.lang.Class.forName(Class.java:195)
	at org.apache.jmeter.gui.tree.JMeterTreeNode.getIcon(JMeterTreeNode.java:137)
	at org.apache.jmeter.gui.tree.JMeterCellRenderer.getTreeCellRendererComponent(JMeterCellRenderer.java:48)
	at javax.swing.JTree$AccessibleJTree$AccessibleJTreeNode.getCurrentComponent(JTree.java:4611)
	at javax.swing.JTree$AccessibleJTree$AccessibleJTreeNode.getCurrentAccessibleContext(JTree.java:4588)
	at javax.swing.JTree$AccessibleJTree$AccessibleJTreeNode.getAccessibleSelection(JTree.java:4923)

2016/07/15 13:11:49 WARN  - jmeter.gui.tree.JMeterTreeNode: Can't get icon for class http:/ java.lang.ClassNotFoundException: 
	at java.lang.Class.forName0(Native Method)
	at java.lang.Class.forName(Class.java:195)
	at org.apache.jmeter.gui.tree.JMeterTreeNode.getIcon(JMeterTreeNode.java:137)
	at org.apache.jmeter.gui.tree.JMeterCellRenderer.getTreeCellRendererComponent(JMeterCellRenderer.java:48)
	at javax.swing.JTree$AccessibleJTree$AccessibleJTreeNode.getCurrentComponent(JTree.java:4611)
	at javax.swing.JTree$AccessibleJTree$AccessibleJTreeNode.getCurrentAccessibleContext(JTree.java:4588)
	at javax.swing.JTree$AccessibleJTree$AccessibleJTreeNode.getAccessibleValue(JTree.java:4953)

2016/07/15 13:12:04 INFO  - jmeter.engine.StandardJMeterEngine: Running the test! 
2016/07/15 13:12:04 INFO  - jmeter.samplers.SampleEvent: List of sample_variables: [] 
2016/07/15 13:12:04 INFO  - jmeter.gui.util.JMeterMenuBar: setRunning(true,*local*) 
2016/07/15 13:12:05 INFO  - jmeter.engine.StandardJMeterEngine: Starting ThreadGroup: 1 : next-episode 
2016/07/15 13:12:05 INFO  - jmeter.engine.StandardJMeterEngine: Starting 10 threads for group next-episode. 
2016/07/15 13:12:05 INFO  - jmeter.engine.StandardJMeterEngine: Thread will continue on error 
2016/07/15 13:12:05 INFO  - jmeter.threads.ThreadGroup: Starting thread group number 1 threads 10 ramp-up 5 perThread 500.0 delayedStart=false 
2016/07/15 13:12:05 INFO  - jmeter.threads.JMeterThread: Thread started: next-episode 1-1 
2016/07/15 13:12:05 INFO  - jmeter.threads.ThreadGroup: Started thread group number 1 
2016/07/15 13:12:05 INFO  - jmeter.engine.StandardJMeterEngine: All thread groups have been started 
2016/07/15 13:12:05 INFO  - jmeter.threads.JMeterThread: Thread started: next-episode 1-2 
2016/07/15 13:12:06 INFO  - jmeter.threads.JMeterThread: Thread started: next-episode 1-3 
2016/07/15 13:12:06 INFO  - jmeter.threads.JMeterThread: Thread is done: next-episode 1-1 
2016/07/15 13:12:06 INFO  - jmeter.threads.JMeterThread: Thread finished: next-episode 1-1 
2016/07/15 13:12:06 INFO  - jmeter.threads.JMeterThread: Thread started: next-episode 1-4 
2016/07/15 13:12:06 INFO  - jmeter.threads.JMeterThread: Thread is done: next-episode 1-2 
2016/07/15 13:12:06 INFO  - jmeter.threads.JMeterThread: Thread finished: next-episode 1-2 
2016/07/15 13:12:07 INFO  - jmeter.threads.JMeterThread: Thread started: next-episode 1-5 
2016/07/15 13:12:07 INFO  - jmeter.threads.JMeterThread: Thread is done: next-episode 1-3 
2016/07/15 13:12:07 INFO  - jmeter.threads.JMeterThread: Thread finished: next-episode 1-3 
2016/07/15 13:12:07 INFO  - jmeter.threads.JMeterThread: Thread started: next-episode 1-6 
2016/07/15 13:12:07 INFO  - jmeter.threads.JMeterThread: Thread is done: next-episode 1-4 
2016/07/15 13:12:07 INFO  - jmeter.threads.JMeterThread: Thread finished: next-episode 1-4 
2016/07/15 13:12:08 INFO  - jmeter.threads.JMeterThread: Thread is done: next-episode 1-5 
2016/07/15 13:12:08 INFO  - jmeter.threads.JMeterThread: Thread finished: next-episode 1-5 
2016/07/15 13:12:08 INFO  - jmeter.threads.JMeterThread: Thread started: next-episode 1-7 
2016/07/15 13:12:08 INFO  - jmeter.threads.JMeterThread: Thread started: next-episode 1-8 
2016/07/15 13:12:08 INFO  - jmeter.threads.JMeterThread: Thread is done: next-episode 1-6 
2016/07/15 13:12:08 INFO  - jmeter.threads.JMeterThread: Thread finished: next-episode 1-6 
2016/07/15 13:12:09 INFO  - jmeter.threads.JMeterThread: Thread started: next-episode 1-9 
2016/07/15 13:12:09 INFO  - jmeter.threads.JMeterThread: Thread is done: next-episode 1-7 
2016/07/15 13:12:09 INFO  - jmeter.threads.JMeterThread: Thread finished: next-episode 1-7 
2016/07/15 13:12:09 INFO  - jmeter.threads.JMeterThread: Thread started: next-episode 1-10 
2016/07/15 13:12:09 INFO  - jmeter.threads.JMeterThread: Thread is done: next-episode 1-8 
2016/07/15 13:12:09 INFO  - jmeter.threads.JMeterThread: Thread finished: next-episode 1-8 
2016/07/15 13:12:10 INFO  - jmeter.threads.JMeterThread: Thread is done: next-episode 1-9 
2016/07/15 13:12:10 INFO  - jmeter.threads.JMeterThread: Thread finished: next-episode 1-9 
2016/07/15 13:12:11 INFO  - jmeter.threads.JMeterThread: Thread is done: next-episode 1-10 
2016/07/15 13:12:11 INFO  - jmeter.threads.JMeterThread: Thread finished: next-episode 1-10 
2016/07/15 13:12:11 INFO  - jmeter.engine.StandardJMeterEngine: Notifying test listeners of end of test 
2016/07/15 13:12:11 INFO  - jmeter.gui.util.JMeterMenuBar: setRunning(false,*local*) 
2016/07/15 13:13:26 INFO  - jmeter.engine.StandardJMeterEngine: Running the test! 
2016/07/15 13:13:26 INFO  - jmeter.samplers.SampleEvent: List of sample_variables: [] 
2016/07/15 13:13:26 INFO  - jmeter.gui.util.JMeterMenuBar: setRunning(true,*local*) 
2016/07/15 13:13:26 INFO  - jmeter.engine.StandardJMeterEngine: Starting ThreadGroup: 1 : next-episode 
2016/07/15 13:13:26 INFO  - jmeter.engine.StandardJMeterEngine: Starting 10 threads for group next-episode. 
2016/07/15 13:13:26 INFO  - jmeter.engine.StandardJMeterEngine: Thread will continue on error 
2016/07/15 13:13:26 INFO  - jmeter.threads.ThreadGroup: Starting thread group number 1 threads 10 ramp-up 5 perThread 500.0 delayedStart=false 
2016/07/15 13:13:26 INFO  - jmeter.threads.JMeterThread: Thread started: next-episode 1-1 
2016/07/15 13:13:26 INFO  - jmeter.threads.ThreadGroup: Started thread group number 1 
2016/07/15 13:13:26 INFO  - jmeter.engine.StandardJMeterEngine: All thread groups have been started 
2016/07/15 13:13:27 INFO  - jmeter.threads.JMeterThread: Thread started: next-episode 1-2 
2016/07/15 13:13:27 INFO  - jmeter.threads.JMeterThread: Thread started: next-episode 1-3 
2016/07/15 13:13:28 INFO  - jmeter.threads.JMeterThread: Thread is done: next-episode 1-1 
2016/07/15 13:13:28 INFO  - jmeter.threads.JMeterThread: Thread finished: next-episode 1-1 
2016/07/15 13:13:28 INFO  - jmeter.threads.JMeterThread: Thread started: next-episode 1-4 
2016/07/15 13:13:28 INFO  - jmeter.threads.JMeterThread: Thread is done: next-episode 1-2 
2016/07/15 13:13:28 INFO  - jmeter.threads.JMeterThread: Thread finished: next-episode 1-2 
2016/07/15 13:13:28 INFO  - jmeter.threads.JMeterThread: Thread started: next-episode 1-5 
2016/07/15 13:13:28 INFO  - jmeter.threads.JMeterThread: Thread is done: next-episode 1-3 
2016/07/15 13:13:28 INFO  - jmeter.threads.JMeterThread: Thread finished: next-episode 1-3 
2016/07/15 13:13:29 INFO  - jmeter.threads.JMeterThread: Thread started: next-episode 1-6 
2016/07/15 13:13:29 INFO  - jmeter.threads.JMeterThread: Thread is done: next-episode 1-4 
2016/07/15 13:13:29 INFO  - jmeter.threads.JMeterThread: Thread finished: next-episode 1-4 
2016/07/15 13:13:29 INFO  - jmeter.threads.JMeterThread: Thread started: next-episode 1-7 
2016/07/15 13:13:30 INFO  - jmeter.threads.JMeterThread: Thread started: next-episode 1-8 
2016/07/15 13:13:30 INFO  - jmeter.threads.JMeterThread: Thread is done: next-episode 1-5 
2016/07/15 13:13:30 INFO  - jmeter.threads.JMeterThread: Thread finished: next-episode 1-5 
2016/07/15 13:13:30 INFO  - jmeter.threads.JMeterThread: Thread is done: next-episode 1-6 
2016/07/15 13:13:30 INFO  - jmeter.threads.JMeterThread: Thread finished: next-episode 1-6 
2016/07/15 13:13:30 INFO  - jmeter.threads.JMeterThread: Thread started: next-episode 1-9 
2016/07/15 13:13:30 INFO  - jmeter.threads.JMeterThread: Thread is done: next-episode 1-7 
2016/07/15 13:13:30 INFO  - jmeter.threads.JMeterThread: Thread finished: next-episode 1-7 
2016/07/15 13:13:31 INFO  - jmeter.threads.JMeterThread: Thread started: next-episode 1-10 
2016/07/15 13:13:31 INFO  - jmeter.threads.JMeterThread: Thread is done: next-episode 1-8 
2016/07/15 13:13:31 INFO  - jmeter.threads.JMeterThread: Thread finished: next-episode 1-8 
2016/07/15 13:13:31 INFO  - jmeter.threads.JMeterThread: Thread is done: next-episode 1-9 
2016/07/15 13:13:31 INFO  - jmeter.threads.JMeterThread: Thread finished: next-episode 1-9 
2016/07/15 13:13:32 INFO  - jmeter.threads.JMeterThread: Thread is done: next-episode 1-10 
2016/07/15 13:13:32 INFO  - jmeter.threads.JMeterThread: Thread finished: next-episode 1-10 
2016/07/15 13:13:32 INFO  - jmeter.engine.StandardJMeterEngine: Notifying test listeners of end of test 
2016/07/15 13:13:32 INFO  - jmeter.gui.util.JMeterMenuBar: setRunning(false,*local*) 
2016/07/15 13:16:06 WARN  - jmeter.gui.tree.JMeterTreeNode: Can't get icon for class http:/ java.lang.ClassNotFoundException: 
	at java.lang.Class.forName0(Native Method)
	at java.lang.Class.forName(Class.java:195)
	at org.apache.jmeter.gui.tree.JMeterTreeNode.getIcon(JMeterTreeNode.java:137)
	at org.apache.jmeter.gui.tree.JMeterCellRenderer.getTreeCellRendererComponent(JMeterCellRenderer.java:48)
	at javax.swing.JTree$AccessibleJTree$AccessibleJTreeNode.getCurrentComponent(JTree.java:4611)
	at javax.swing.JTree$AccessibleJTree$AccessibleJTreeNode.getCurrentAccessibleContext(JTree.java:4588)
	at javax.swing.JTree$AccessibleJTree$AccessibleJTreeNode.addPropertyChangeListener(JTree.java:4868)
	at org.GNOME.Accessibility.AtkWrapper.registerPropertyChangeListener(AtkWrapper.java:625)

2016/07/15 13:16:09 INFO  - jmeter.engine.StandardJMeterEngine: Running the test! 
2016/07/15 13:16:09 INFO  - jmeter.samplers.SampleEvent: List of sample_variables: [] 
2016/07/15 13:16:10 INFO  - jmeter.gui.util.JMeterMenuBar: setRunning(true,*local*) 
2016/07/15 13:16:10 INFO  - jmeter.engine.StandardJMeterEngine: Starting ThreadGroup: 1 : next-episode 
2016/07/15 13:16:10 INFO  - jmeter.engine.StandardJMeterEngine: Starting 10 threads for group next-episode. 
2016/07/15 13:16:10 INFO  - jmeter.engine.StandardJMeterEngine: Thread will continue on error 
2016/07/15 13:16:10 INFO  - jmeter.threads.ThreadGroup: Starting thread group number 1 threads 10 ramp-up 10 perThread 1000.0 delayedStart=false 
2016/07/15 13:16:10 INFO  - jmeter.threads.JMeterThread: Thread started: next-episode 1-1 
2016/07/15 13:16:10 INFO  - jmeter.threads.ThreadGroup: Started thread group number 1 
2016/07/15 13:16:10 INFO  - jmeter.engine.StandardJMeterEngine: All thread groups have been started 
2016/07/15 13:16:11 INFO  - jmeter.threads.JMeterThread: Thread started: next-episode 1-2 
2016/07/15 13:16:12 INFO  - jmeter.threads.JMeterThread: Thread started: next-episode 1-3 
2016/07/15 13:16:13 INFO  - jmeter.threads.JMeterThread: Thread started: next-episode 1-4 
2016/07/15 13:16:14 INFO  - jmeter.threads.JMeterThread: Thread started: next-episode 1-5 
2016/07/15 13:16:14 INFO  - jmeter.threads.JMeterThread: Thread is done: next-episode 1-1 
2016/07/15 13:16:14 INFO  - jmeter.threads.JMeterThread: Thread finished: next-episode 1-1 
2016/07/15 13:16:15 INFO  - jmeter.threads.JMeterThread: Thread started: next-episode 1-6 
2016/07/15 13:16:16 INFO  - jmeter.threads.JMeterThread: Thread started: next-episode 1-7 
2016/07/15 13:16:17 INFO  - jmeter.threads.JMeterThread: Thread started: next-episode 1-8 
2016/07/15 13:16:17 INFO  - jmeter.threads.JMeterThread: Thread is done: next-episode 1-2 
2016/07/15 13:16:17 INFO  - jmeter.threads.JMeterThread: Thread finished: next-episode 1-2 
2016/07/15 13:16:18 INFO  - jmeter.threads.JMeterThread: Thread started: next-episode 1-9 
2016/07/15 13:16:19 INFO  - jmeter.threads.JMeterThread: Thread started: next-episode 1-10 
2016/07/15 13:16:19 INFO  - jmeter.threads.JMeterThread: Thread is done: next-episode 1-4 
2016/07/15 13:16:19 INFO  - jmeter.threads.JMeterThread: Thread finished: next-episode 1-4 
2016/07/15 13:16:20 INFO  - jmeter.threads.JMeterThread: Thread is done: next-episode 1-3 
2016/07/15 13:16:20 INFO  - jmeter.threads.JMeterThread: Thread finished: next-episode 1-3 
2016/07/15 13:16:20 INFO  - jmeter.threads.JMeterThread: Thread is done: next-episode 1-7 
2016/07/15 13:16:20 INFO  - jmeter.threads.JMeterThread: Thread finished: next-episode 1-7 
2016/07/15 13:16:21 INFO  - jmeter.threads.JMeterThread: Thread is done: next-episode 1-8 
2016/07/15 13:16:21 INFO  - jmeter.threads.JMeterThread: Thread finished: next-episode 1-8 
2016/07/15 13:16:23 INFO  - jmeter.threads.JMeterThread: Thread is done: next-episode 1-10 
2016/07/15 13:16:23 INFO  - jmeter.threads.JMeterThread: Thread finished: next-episode 1-10 
2016/07/15 13:16:23 INFO  - jmeter.threads.JMeterThread: Thread is done: next-episode 1-6 
2016/07/15 13:16:23 INFO  - jmeter.threads.JMeterThread: Thread finished: next-episode 1-6 
2016/07/15 13:16:23 INFO  - jmeter.threads.JMeterThread: Thread is done: next-episode 1-9 
2016/07/15 13:16:23 INFO  - jmeter.threads.JMeterThread: Thread finished: next-episode 1-9 
2016/07/15 13:16:23 INFO  - jmeter.threads.JMeterThread: Thread is done: next-episode 1-5 
2016/07/15 13:16:23 INFO  - jmeter.threads.JMeterThread: Thread finished: next-episode 1-5 
2016/07/15 13:16:23 INFO  - jmeter.engine.StandardJMeterEngine: Notifying test listeners of end of test 
2016/07/15 13:16:23 INFO  - jmeter.gui.util.JMeterMenuBar: setRunning(false,*local*) 
2016/07/15 13:19:58 INFO  - jmeter.engine.StandardJMeterEngine: Running the test! 
2016/07/15 13:19:58 INFO  - jmeter.samplers.SampleEvent: List of sample_variables: [] 
2016/07/15 13:19:58 INFO  - jmeter.gui.util.JMeterMenuBar: setRunning(true,*local*) 
2016/07/15 13:19:58 INFO  - jmeter.engine.StandardJMeterEngine: Starting ThreadGroup: 1 : next-episode 
2016/07/15 13:19:58 INFO  - jmeter.engine.StandardJMeterEngine: Starting 10 threads for group next-episode. 
2016/07/15 13:19:58 INFO  - jmeter.engine.StandardJMeterEngine: Thread will continue on error 
2016/07/15 13:19:58 INFO  - jmeter.threads.ThreadGroup: Starting thread group number 1 threads 10 ramp-up 10 perThread 1000.0 delayedStart=false 
2016/07/15 13:19:58 INFO  - jmeter.threads.JMeterThread: Thread started: next-episode 1-1 
2016/07/15 13:19:58 INFO  - jmeter.threads.ThreadGroup: Started thread group number 1 
2016/07/15 13:19:58 INFO  - jmeter.engine.StandardJMeterEngine: All thread groups have been started 
2016/07/15 13:19:59 INFO  - jmeter.threads.JMeterThread: Thread started: next-episode 1-2 
2016/07/15 13:20:00 INFO  - jmeter.threads.JMeterThread: Thread started: next-episode 1-3 
2016/07/15 13:20:01 INFO  - jmeter.threads.JMeterThread: Thread started: next-episode 1-4 
2016/07/15 13:20:02 INFO  - jmeter.threads.JMeterThread: Thread started: next-episode 1-5 
2016/07/15 13:20:03 INFO  - jmeter.threads.JMeterThread: Thread started: next-episode 1-6 
2016/07/15 13:20:03 INFO  - jmeter.threads.JMeterThread: Thread is done: next-episode 1-1 
2016/07/15 13:20:03 INFO  - jmeter.threads.JMeterThread: Thread finished: next-episode 1-1 
2016/07/15 13:20:04 INFO  - jmeter.threads.JMeterThread: Thread started: next-episode 1-7 
2016/07/15 13:20:05 INFO  - jmeter.threads.JMeterThread: Thread started: next-episode 1-8 
2016/07/15 13:20:05 INFO  - jmeter.threads.JMeterThread: Thread is done: next-episode 1-2 
2016/07/15 13:20:05 INFO  - jmeter.threads.JMeterThread: Thread finished: next-episode 1-2 
2016/07/15 13:20:06 INFO  - jmeter.threads.JMeterThread: Thread started: next-episode 1-9 
2016/07/15 13:20:07 INFO  - jmeter.threads.JMeterThread: Thread started: next-episode 1-10 
2016/07/15 13:20:09 INFO  - jmeter.threads.JMeterThread: Thread is done: next-episode 1-3 
2016/07/15 13:20:09 INFO  - jmeter.threads.JMeterThread: Thread finished: next-episode 1-3 
2016/07/15 13:20:13 INFO  - jmeter.threads.JMeterThread: Thread is done: next-episode 1-4 
2016/07/15 13:20:13 INFO  - jmeter.threads.JMeterThread: Thread finished: next-episode 1-4 
2016/07/15 13:20:14 INFO  - jmeter.threads.JMeterThread: Thread is done: next-episode 1-5 
2016/07/15 13:20:14 INFO  - jmeter.threads.JMeterThread: Thread finished: next-episode 1-5 
2016/07/15 13:20:16 INFO  - jmeter.threads.JMeterThread: Thread is done: next-episode 1-6 
2016/07/15 13:20:16 INFO  - jmeter.threads.JMeterThread: Thread finished: next-episode 1-6 
2016/07/15 13:20:16 INFO  - jmeter.threads.JMeterThread: Thread is done: next-episode 1-8 
2016/07/15 13:20:16 INFO  - jmeter.threads.JMeterThread: Thread finished: next-episode 1-8 
2016/07/15 13:20:17 INFO  - jmeter.threads.JMeterThread: Thread is done: next-episode 1-7 
2016/07/15 13:20:17 INFO  - jmeter.threads.JMeterThread: Thread finished: next-episode 1-7 
2016/07/15 13:20:18 INFO  - jmeter.threads.JMeterThread: Thread is done: next-episode 1-9 
2016/07/15 13:20:18 INFO  - jmeter.threads.JMeterThread: Thread finished: next-episode 1-9 
2016/07/15 13:20:21 INFO  - jmeter.threads.JMeterThread: Thread is done: next-episode 1-10 
2016/07/15 13:20:21 INFO  - jmeter.threads.JMeterThread: Thread finished: next-episode 1-10 
2016/07/15 13:20:21 INFO  - jmeter.engine.StandardJMeterEngine: Notifying test listeners of end of test 
2016/07/15 13:20:21 INFO  - jmeter.gui.util.JMeterMenuBar: setRunning(false,*local*) 
